
Call: 5/29/2024 12:8:6 Build: May 15 2024 09:25:40 v2119
=> SpacedeskSetupCustomAction::_tWinMain -preInstallCheck_W10
 > ActionServiceUninstall spacedeskDisplayKmode
   ServiceManager::Open OpenService failed! 1060 
   Service does not exist.
   ActionServiceUninstall: Open failed on spacedeskDisplayKmode!
 > ActionServiceUninstall spacedeskDispKmode
   ServiceManager::Open OpenService failed! 1060 
   Service does not exist.
   ActionServiceUninstall: Open failed on spacedeskDispKmode!
=> Windows10SetupUninstall (Pre-install check OR Rollback)
Utilities::ProcessFind QueryFullProcessImageNameW failed! 31
   Windows10SetupPreUninstall Utilities::ProcessFind failed! spacedeskConsole.exe
   ************************Uninstalling spacedesk service...************************
 > InfFile::OemRemove spacedeskService.inf
 < InfFile::OemRemove spacedeskService.inf
 > ActionServiceExists spacedeskService
   ServiceManager::IsExisting OpenService failed! 1060 
   ActionServiceExists failed on spacedeskService!
   ************************Uninstalling Android Control driver...************************
 > FunctionDriver::Uninstall ROOT\VID_DATRONICSOFT_PID_SPACEDESK_DRIVER_USB_ANDROID_0001
   SetupApiDeviceInfoSet::DeviceInfoEnumerate no more items... Index:17
   SetupApiDeviceInfoSet::DeviceInfoEnumerate no more items... Index:0
 < FunctionDriver::Uninstall
 > InfFile::OemRemove spacedeskDriverAndroidControl.inf
 < InfFile::OemRemove spacedeskDriverAndroidControl.inf
 > ActionServiceUninstall spacedeskDriverAndroidControl
   ServiceManager::Open OpenService failed! 1060 
   Service does not exist.
   ActionServiceUninstall: Open failed on spacedeskDriverAndroidControl!
 AndroidControlDriverUninstall DeleteFile \WINDOWS\System32\drivers\spacedeskDriverAndroidControl.sys failed! 2
   ************************Uninstalling Android USB driver...************************
 > FunctionDriver::Uninstall USB\VID_18D1&PID_2D01&MI_00
   SetupApiDeviceInfoSet::DeviceInfoEnumerate no more items... Index:8
   SetupApiDeviceInfoSet::DeviceInfoEnumerate no more items... Index:0
 < FunctionDriver::Uninstall
 > InfFile::OemRemove spacedeskDriverAndroidUsb.inf
 < InfFile::OemRemove spacedeskDriverAndroidUsb.inf
 > ActionServiceUninstall spacedeskAndroidUsb
   ServiceManager::Open OpenService failed! 1060 
   Service does not exist.
   ActionServiceUninstall: Open failed on spacedeskAndroidUsb!
 AndroidUsbDriverUninstall DeleteFile \WINDOWS\System32\drivers\spacedeskDriverAndroidUsb.sys failed! 2
   ************************Uninstalling Audio driver...************************
 > FunctionDriver::Uninstall {0511CEC1-0EB4-4ADE-9284-CD36606C3906}\VID_DATRONICSOFT&PID_SPACEDESK_VIRTUAL_AUDIO_RENDER
   SetupApiDeviceInfoSet::DeviceInfoEnumerate no more items... Index:19
   SetupApiDeviceInfoSet::DeviceInfoEnumerate no more items... Index:0
 < FunctionDriver::Uninstall
 > FunctionDriver::Uninstall {0511CEC1-0EB4-4ADE-9284-CD36606C3906}\VID_DATRONICSOFT&PID_SPACEDESK_VIRTUAL_AUDIO_CAPTURE
   SetupApiDeviceInfoSet::DeviceInfoEnumerate no more items... Index:19
   SetupApiDeviceInfoSet::DeviceInfoEnumerate no more items... Index:0
 < FunctionDriver::Uninstall
 > FunctionDriver::Uninstall {0511CEC1-0EB4-4ADE-9284-CD36606C3906}\VID_DATRONICSOFT&PID_SPACEDESK_VIRTUAL_AUDIO_COMBINED_RENDER_CAPTURE
   SetupApiDeviceInfoSet::DeviceInfoEnumerate no more items... Index:19
   SetupApiDeviceInfoSet::DeviceInfoEnumerate no more items... Index:0
 < FunctionDriver::Uninstall
 > InfFile::OemRemove spacedeskDriverAudio.inf
 < InfFile::OemRemove spacedeskDriverAudio.inf
 > ActionServiceUninstall spacedeskDriverAudio
   ServiceManager::Open OpenService failed! 1060 
   Service does not exist.
   ActionServiceUninstall: Open failed on spacedeskDriverAudio!
   UtilRegistry::KeyDelete RegDeleteTree failed! 0x00000002 spacedeskDriverAudio
 AudioDriverUninstall DeleteFile \WINDOWS\System32\drivers\spacedeskDriverAudio.sys failed! 2
 > Utilities::CleanupRogueAudioEndpoints spacedesk
   SetupApiDeviceInfoSet::DeviceInfoEnumerate no more items... Index:14
 < Utilities::CleanupRogueAudioEndpoints
   ************************Uninstalling Indirect Display driver...************************
 > FunctionDriver::Uninstall VID_DATRONICSOFT_PID_SPACEDESK_VIRTUAL_DISPLAY_0003
   SetupApiDeviceInfoSet::DeviceInfoEnumerate no more items... Index:0
   SetupApiDeviceInfoSet::DeviceInfoEnumerate no more items... Index:0
 < FunctionDriver::Uninstall
 > FunctionDriver::Uninstall {0511CEC1-0EB4-4ADE-9284-CD36606C3906}\VID_DATRONICSOFT_PID_SPACEDESK_VIRTUAL_DISPLAY_0003
   SetupApiDeviceInfoSet::DeviceInfoEnumerate no more items... Index:0
   SetupApiDeviceInfoSet::DeviceInfoEnumerate no more items... Index:0
 < FunctionDriver::Uninstall
 > InfFile::OemRemove spacedeskdisplay.inf
 < InfFile::OemRemove spacedeskdisplay.inf
   UtilRegistry::KeyDelete RegDeleteTree failed! 0x00000002 spacedeskDisplayUmode
 IndirectDisplayDriverUninstall DeleteFile \WINDOWS\System32\drivers\UMDF\spacedeskDisplayUmode1_0.dll failed! 2
 IndirectDisplayDriverUninstall DeleteFile \WINDOWS\System32\drivers\UMDF\spacedeskDisplayUmode1_2.dll failed! 2
   ************************Uninstalling HID driver...************************
 > FunctionDriver::Uninstall {0511CEC1-0EB4-4ADE-9284-CD36606C3906}\VID_DATRONICSOFT_PID_SPACEDESK_DRIVER_HID_0001
   SetupApiDeviceInfoSet::DeviceInfoEnumerate no more items... Index:85
   SetupApiDeviceInfoSet::DeviceInfoEnumerate no more items... Index:0
 < FunctionDriver::Uninstall
 > InfFile::OemRemove spacedeskDriverHid.inf
 < InfFile::OemRemove spacedeskDriverHid.inf
   UtilRegistry::KeyDelete RegDeleteTree failed! 0x00000002 spacedeskDriverHid
 HidDriverUninstall DeleteFile \WINDOWS\System32\drivers\UMDF\spacedeskDriverHid.dll failed! 2
 > FunctionDriver::Uninstall HID\VID_DATRONICSOFT_PID_SPACEDESK_DRIVER_HID_0001
   SetupApiDeviceInfoSet::DeviceInfoEnumerate no more items... Index:16
   SetupApiDeviceInfoSet::DeviceInfoEnumerate no more items... Index:0
 < FunctionDriver::Uninstall
 > FunctionDriver::Uninstall HID\VID_DATRONICSOFT_PID_SPACEDESK_DRIVER_HID_0001
   SetupApiDeviceInfoSet::DeviceInfoEnumerate no more items... Index:3
   SetupApiDeviceInfoSet::DeviceInfoEnumerate no more items... Index:0
 < FunctionDriver::Uninstall
   ************************Uninstalling legacy mouse driver...************************
 > FunctionDriver::Uninstall {0511CEC1-0EB4-4ADE-9284-CD36606C3906}\VID_DATRONICSOFT&PID_SPACEDESK_VIRTUAL_MOUSE_0001
   SetupApiDeviceInfoSet::DeviceInfoEnumerate no more items... Index:7
   SetupApiDeviceInfoSet::DeviceInfoEnumerate no more items... Index:0
 < FunctionDriver::Uninstall
 > InfFile::OemRemove spacedeskKtmInputmouse.inf
 < InfFile::OemRemove spacedeskKtmInputmouse.inf
 > ActionServiceUninstall spacedeskKtmInputMouse
   ServiceManager::Open OpenService failed! 1060 
   Service does not exist.
   ActionServiceUninstall: Open failed on spacedeskKtmInputMouse!
   UtilRegistry::KeyDelete RegDeleteTree failed! 0x00000002 spacedeskKtmInputMouse
 KtmInputMouseDriverUninstall DeleteFile \WINDOWS\System32\drivers\spacedeskKtmInputMouse.sys failed! 2
   ************************Uninstalling Bus driver...************************
 > FunctionDriver::Uninstall Root\VID_DATRONICSOFT_PID_SPACEDESK_VIRTUAL_BUS_0001
   SetupApiDeviceInfoSet::DeviceInfoEnumerate no more items... Index:17
   SetupApiDeviceInfoSet::DeviceInfoEnumerate no more items... Index:0
 < FunctionDriver::Uninstall
 > InfFile::OemRemove spacedeskDriverBus.inf
 < InfFile::OemRemove spacedeskDriverBus.inf
 > ActionServiceUninstall spacedeskDriverBus
   ServiceManager::Open OpenService failed! 1060 
   Service does not exist.
   ActionServiceUninstall: Open failed on spacedeskDriverBus!
   UtilRegistry::KeyDelete RegDeleteTree failed! 0x00000002 spacedeskDriverBus
 BusDriverUninstall DeleteFile \WINDOWS\System32\drivers\spacedeskDriverBus.sys failed! 2
<= Windows10SetupUninstall
=> LegacySetupUninstall
 > ActionServiceUninstall spacedeskService
   ServiceManager::Open OpenService failed! 1060 
   Service does not exist.
   ActionServiceUninstall: Open failed on spacedeskService!
 > ActionServiceUninstall spacedeskHookKmode
   ServiceManager::Open OpenService failed! 1060 
   Service does not exist.
   ActionServiceUninstall: Open failed on spacedeskHookKmode!
   UtilRegistry::KeyDelete RegDeleteTree failed! 0x00000002 spacedeskService
   UtilRegistry::KeyDelete RegDeleteTree failed! 0x00000002 spacedeskHookKmode
   ************************Uninstalling Bus driver...************************
 > FunctionDriver::Uninstall Root\VID_DATRONICSOFT_PID_SPACEDESK_VIRTUAL_BUS_0001
   SetupApiDeviceInfoSet::DeviceInfoEnumerate no more items... Index:17
   SetupApiDeviceInfoSet::DeviceInfoEnumerate no more items... Index:0
 < FunctionDriver::Uninstall
 > InfFile::OemRemove spacedeskDriverBus.inf
 < InfFile::OemRemove spacedeskDriverBus.inf
 > ActionServiceUninstall spacedeskDriverBus
   ServiceManager::Open OpenService failed! 1060 
   Service does not exist.
   ActionServiceUninstall: Open failed on spacedeskDriverBus!
   UtilRegistry::KeyDelete RegDeleteTree failed! 0x00000002 spacedeskDriverBus
 BusDriverUninstall DeleteFile \WINDOWS\System32\drivers\spacedeskDriverBus.sys failed! 2
   ************************Uninstalling legacy mouse driver...************************
 > FunctionDriver::Uninstall {0511CEC1-0EB4-4ADE-9284-CD36606C3906}\VID_DATRONICSOFT&PID_SPACEDESK_VIRTUAL_MOUSE_0001
   SetupApiDeviceInfoSet::DeviceInfoEnumerate no more items... Index:7
   SetupApiDeviceInfoSet::DeviceInfoEnumerate no more items... Index:0
 < FunctionDriver::Uninstall
 > InfFile::OemRemove spacedeskKtmInputmouse.inf
 < InfFile::OemRemove spacedeskKtmInputmouse.inf
 > ActionServiceUninstall spacedeskKtmInputMouse
   ServiceManager::Open OpenService failed! 1060 
   Service does not exist.
   ActionServiceUninstall: Open failed on spacedeskKtmInputMouse!
   UtilRegistry::KeyDelete RegDeleteTree failed! 0x00000002 spacedeskKtmInputMouse
 KtmInputMouseDriverUninstall DeleteFile \WINDOWS\System32\drivers\spacedeskKtmInputMouse.sys failed! 2
<= LegacySetupUninstall

Call: 5/29/2024 12:8:8 Build: May 15 2024 09:25:40 v2119
=> SpacedeskSetupCustomAction::_tWinMain -qWaveCheck
<= SpacedeskSetupCustomAction::_tWinMain

Call: 5/29/2024 12:8:8 Build: May 15 2024 09:25:40 v2119
=> SpacedeskSetupCustomAction::_tWinMain -install_android_control C:\Program Files\datronicsoft\spacedesk\spacedeskTemporarySetupFiles\
   ************************Installing Android Control driver...************************
 > FunctionDriver::InstallOnRoot spacedesk Android Control
   SetupApiDeviceInfoSet::CurrentInstanceDeviceNodeCreate ROOT\VID_DATRONICSOFT_PID_SPACEDESK_DRIVER_USB_ANDROID_0001
 > FunctionDriver::Install C:\Program Files\datronicsoft\spacedesk\spacedeskTemporarySetupFiles\spacedeskDriverAndroidControl.inf
 < FunctionDriver::Install Needs reboot:0
 > Utilities::ScanForHardwareChanges ROOT\SPACEDESK_ANDROID_CONTROL\0000
 < Utilities::ScanForHardwareChanges
 < FunctionDriver::InstallOnRoot
<= SpacedeskSetupCustomAction::_tWinMain

Call: 5/29/2024 12:8:9 Build: May 15 2024 09:25:40 v2119
=> SpacedeskSetupCustomAction::_tWinMain -install_android_usb C:\Program Files\datronicsoft\spacedesk\spacedeskTemporarySetupFiles\
   ************************Installing Android USB driver...************************
 > InfFile::OemCopy C:\Program Files\datronicsoft\spacedesk\spacedeskTemporarySetupFiles\spacedeskDriverAndroidUsb.inf
 < InfFile::OemCopy C:\Program Files\datronicsoft\spacedesk\spacedeskTemporarySetupFiles\spacedeskDriverAndroidUsb.inf
<= SpacedeskSetupCustomAction::_tWinMain

Call: 5/29/2024 12:8:10 Build: May 15 2024 09:25:40 v2119
=> SpacedeskSetupCustomAction::_tWinMain -install_ktm C:\Program Files\datronicsoft\spacedesk\spacedeskTemporarySetupFiles\
   ************************Installing legacy mouse driver...************************
 > FunctionDriver::Install C:\Program Files\datronicsoft\spacedesk\spacedeskTemporarySetupFiles\spacedeskKtmInputmouse.inf
 < FunctionDriver::Install Needs reboot:0
<= SpacedeskSetupCustomAction::_tWinMain

Call: 5/29/2024 12:8:10 Build: May 15 2024 09:25:40 v2119
=> SpacedeskSetupCustomAction::_tWinMain -install_hid C:\Program Files\datronicsoft\spacedesk\spacedeskTemporarySetupFiles\
   ************************Installing HID driver...************************
 > FunctionDriver::Install C:\Program Files\datronicsoft\spacedesk\spacedeskTemporarySetupFiles\spacedeskDriverHid.inf
 < FunctionDriver::Install Needs reboot:0
<= SpacedeskSetupCustomAction::_tWinMain

Call: 5/29/2024 12:8:11 Build: May 15 2024 09:25:40 v2119
=> SpacedeskSetupCustomAction::_tWinMain -install_iddcx C:\Program Files\datronicsoft\spacedesk\spacedeskTemporarySetupFiles\ 0
   ************************Installing Indirect Display driver...************************
 > FunctionDriver::Install C:\Program Files\datronicsoft\spacedesk\spacedeskTemporarySetupFiles\spacedeskdisplay.inf
 < FunctionDriver::Install Needs reboot:0
<= SpacedeskSetupCustomAction::_tWinMain

Call: 5/29/2024 12:8:11 Build: May 15 2024 09:25:40 v2119
=> SpacedeskSetupCustomAction::_tWinMain -install_audio C:\Program Files\datronicsoft\spacedesk\spacedeskTemporarySetupFiles\
   ************************Installing Audio driver...************************
 > FunctionDriver::Install C:\Program Files\datronicsoft\spacedesk\spacedeskTemporarySetupFiles\spacedeskDriverAudio.inf
 < FunctionDriver::Install Needs reboot:0
<= SpacedeskSetupCustomAction::_tWinMain

Call: 5/29/2024 12:8:12 Build: May 15 2024 09:25:40 v2119
=> SpacedeskSetupCustomAction::_tWinMain -install_bus C:\Program Files\datronicsoft\spacedesk\spacedeskTemporarySetupFiles\
   ************************Installing Bus driver...************************
 > FunctionDriver::InstallOnRoot spacedesk virtual Bus
   SetupApiDeviceInfoSet::CurrentInstanceDeviceNodeCreate Root\VID_DATRONICSOFT_PID_SPACEDESK_VIRTUAL_BUS_0001
 > FunctionDriver::Install C:\Program Files\datronicsoft\spacedesk\spacedeskTemporarySetupFiles\spacedeskDriverBus.inf
 < FunctionDriver::Install Needs reboot:0
 > Utilities::ScanForHardwareChanges ROOT\SPACEDESK_VIRTUAL_BUS\0000
 < Utilities::ScanForHardwareChanges
 < FunctionDriver::InstallOnRoot
<= SpacedeskSetupCustomAction::_tWinMain

Call: 5/29/2024 12:8:13 Build: May 15 2024 09:25:40 v2119
=> SpacedeskSetupCustomAction::_tWinMain -install_server C:\Program Files\datronicsoft\spacedesk\
   ************************Installing spacedesk service************************
 > ActionServiceInstall spacedeskService
   ServiceManager::Create spacedeskService "C:\Program Files\datronicsoft\spacedesk\spacedeskService.exe"
 < ActionServiceInstall spacedeskService
<= SpacedeskSetupCustomAction::_tWinMain

Call: 5/29/2024 12:8:13 Build: May 15 2024 09:25:40 v2119
=> SpacedeskSetupCustomAction::_tWinMain -openFirewall C:\Program Files\datronicsoft\spacedesk\
<= SpacedeskSetupCustomAction::_tWinMain

Call: 5/29/2024 12:8:13 Build: May 15 2024 09:25:40 v2119
=> SpacedeskSetupCustomAction::_tWinMain -spacedeskProgramFilesDelete C:\Program Files\datronicsoft\spacedesk\spacedeskTemporarySetupFiles\
   UtilFileEnumerator::Open FindFirstFile on C:\Program Files\datronicsoft\spacedesk\spacedeskTemporarySetupFiles\\v3DDNetService*.* failed! 2
   UtilFileEnumerator::Open FindFirstFile on C:\Program Files\datronicsoft\spacedesk\spacedeskTemporarySetupFiles\\x86\spacedesk*.* failed! 3
<= SpacedeskSetupCustomAction::_tWinMain

Call: 5/29/2024 12:8:13 Build: May 15 2024 09:25:40 v2119
=> SpacedeskSetupCustomAction::_tWinMain -otherFirewallCheck
<= SpacedeskSetupCustomAction::_tWinMain
